<?xml version="1.0" encoding="UTF-8"?>
<!-- Generated by org.testng.reporters.JUnitReportReporter -->
<testsuite hostname="ATMECSINLT-744" failures="0" tests="1" name="com.atmecs.api.get.testscripts.noauth.googleapibooks.TC_01_Get_Books_Count" time="2.738" errors="0" timestamp="01 Jun 2020 14:56:18 GMT" skipped="0">
  <testcase classname="com.atmecs.api.get.testscripts.noauth.googleapibooks.TC_01_Get_Books_Count" name="getBooksCount" time="2.738"/>
</testsuite> <!-- com.atmecs.api.get.testscripts.noauth.googleapibooks.TC_01_Get_Books_Count -->
