<?xml version="1.0" encoding="UTF-8"?>
<!-- Generated by org.testng.reporters.JUnitReportReporter -->
<testsuite hostname="ATMECSINLT-744" failures="0" tests="1" name="com.atmecs.api.get.testscripts.noauth.googleapibooks.TC_02_Get_Books_Max_Result" time="5.028" errors="0" timestamp="02 Jun 2020 05:26:37 GMT" skipped="0">
  <testcase classname="com.atmecs.api.get.testscripts.noauth.googleapibooks.TC_02_Get_Books_Max_Result" name="getBooksMaxResult" time="5.028"/>
</testsuite> <!-- com.atmecs.api.get.testscripts.noauth.googleapibooks.TC_02_Get_Books_Max_Result -->
