<?xml version="1.0" encoding="UTF-8"?>
<!-- Generated by org.testng.reporters.JUnitReportReporter -->
<testsuite hostname="ATMECSINLT-744" failures="0" tests="1" name="com.atmecs.api.get.testscripts.noauth.googleapibooks.TC_04_Get_Test_InValid_Range_Error" time="2.437" errors="0" timestamp="02 Jun 2020 06:09:51 GMT" skipped="0">
  <testcase classname="com.atmecs.api.get.testscripts.noauth.googleapibooks.TC_04_Get_Test_InValid_Range_Error" name="GetInvalidRangeError" time="2.437"/>
</testsuite> <!-- com.atmecs.api.get.testscripts.noauth.googleapibooks.TC_04_Get_Test_InValid_Range_Error -->
