<?xml version="1.0" encoding="UTF-8"?>
<!-- Generated by org.testng.reporters.JUnitReportReporter -->
<testsuite hostname="ATMECSINLT-744" failures="0" tests="1" name="com.atmecs.api.get.testscripts.oauth2.identserver.TC_01_Get_Response_Of_Ident_Server" time="4.321" errors="0" timestamp="28 May 2020 19:46:39 GMT" skipped="0">
  <testcase classname="com.atmecs.api.get.testscripts.oauth2.identserver.TC_01_Get_Response_Of_Ident_Server" name="getResponseUsingOAuth2" time="4.321"/>
</testsuite> <!-- com.atmecs.api.get.testscripts.oauth2.identserver.TC_01_Get_Response_Of_Ident_Server -->
