<?xml version="1.0" encoding="UTF-8"?>
<!-- Generated by org.testng.reporters.JUnitReportReporter -->
<testsuite hostname="ATMECSINLT-744" failures="0" tests="1" name="com.atmecs.api.put.testscripts.TC_01_Put_Operation" time="16.715" errors="0" timestamp="29 May 2020 16:22:37 GMT" skipped="0">
  <testcase classname="com.atmecs.api.put.testscripts.TC_01_Put_Operation" name="putUpdateRecords" time="16.715"/>
</testsuite> <!-- com.atmecs.api.put.testscripts.TC_01_Put_Operation -->
