<?xml version="1.0" encoding="UTF-8"?>
<!-- Generated by org.testng.reporters.JUnitReportReporter -->
<testsuite hostname="ATMECSINLT-744" failures="0" tests="2" name="com.atmecs.api.post.testscripts.TC_01_Post_Operation" time="3.012" errors="0" timestamp="03 Jun 2020 15:46:20 GMT" skipped="1">
  <testcase classname="com.atmecs.api.post.testscripts.TC_01_Post_Operation" name="TC_01_Post_TypiCode" time="3.012"/>
  <testcase classname="com.atmecs.api.post.testscripts.TC_01_Post_Operation" name="TC_01_Post_Ipsum_Register">
    <skipped/>
  </testcase> <!-- TC_01_Post_Ipsum_Register -->
</testsuite> <!-- com.atmecs.api.post.testscripts.TC_01_Post_Operation -->
