<?xml version="1.0" encoding="UTF-8"?>
<!-- Generated by org.testng.reporters.JUnitReportReporter -->
<testsuite hostname="ATMECSINLT-744" failures="0" tests="1" name="com.atmecs.api.get.testscripts.noauth.googleapibooks.TC_03_Get_Test_Missing_Query_Error" time="2.983" errors="0" timestamp="02 Jun 2020 05:26:51 GMT" skipped="0">
  <testcase classname="com.atmecs.api.get.testscripts.noauth.googleapibooks.TC_03_Get_Test_Missing_Query_Error" name="getMissingQueryError" time="2.983"/>
</testsuite> <!-- com.atmecs.api.get.testscripts.noauth.googleapibooks.TC_03_Get_Test_Missing_Query_Error -->
